<?xml version="1.0" encoding="UTF-8" standalone="no"?>
<!DOCTYPE log SYSTEM "logger.dtd">
<log>
<record>
  <date>2020-11-19T20:57:39.834-0300</date>
  <logger>RAPHAEL HENRIQUE DE LUCENA AGRA</logger>
  <level>FINE</level>
  <message>File 119110413-RAPHAEL HENRIQUE DE LUCENA AGRA.zip was received. It was sent by RAPHAEL HENRIQUE DE LUCENA AGRA from IP 192.168.15.15 at 19-11-2020 20*57*39</message>
</record>
</log>
<?xml version="1.0" encoding="UTF-8" standalone="no"?>
<!DOCTYPE log SYSTEM "logger.dtd">
<log>
<record>
  <date>2020-11-21T23:39:50.655-0300</date>
  <logger>RAPHAEL HENRIQUE DE LUCENA AGRA</logger>
  <level>FINE</level>
  <message>File 119110413-RAPHAEL HENRIQUE DE LUCENA AGRA.zip was received. It was sent by RAPHAEL HENRIQUE DE LUCENA AGRA from IP 192.168.15.15 at 21-11-2020 23*39*50</message>
</record>
</log>
<?xml version="1.0" encoding="UTF-8" standalone="no"?>
<!DOCTYPE log SYSTEM "logger.dtd">
<log>
<record>
  <date>2020-11-22T20:24:09.630-0300</date>
  <logger>RAPHAEL HENRIQUE DE LUCENA AGRA</logger>
  <level>FINE</level>
  <message>File 119110413-RAPHAEL HENRIQUE DE LUCENA AGRA.zip was received. It was sent by RAPHAEL HENRIQUE DE LUCENA AGRA from IP 192.168.15.15 at 22-11-2020 20*24*09</message>
</record>
