<?xml version="1.0" encoding="UTF-8" standalone="no"?>
<!DOCTYPE log SYSTEM "logger.dtd">
<log>
<record>
  <date>2020-10-31T02:02:19.678-0300</date>
  <logger>RAPHAEL HENRIQUE DE LUCENA AGRA</logger>
  <level>FINE</level>
  <message>File 119110413-RAPHAEL HENRIQUE DE LUCENA AGRA.zip was received. It was sent by RAPHAEL HENRIQUE DE LUCENA AGRA from IP 192.168.15.15 at 31-10-2020 02*02*19</message>
</record>
</log>
<?xml version="1.0" encoding="UTF-8" standalone="no"?>
<!DOCTYPE log SYSTEM "logger.dtd">
<log>
<record>
  <date>2020-11-02T03:48:35.497-0300</date>
  <logger>RAPHAEL HENRIQUE DE LUCENA AGRA</logger>
  <level>FINE</level>
  <message>File 119110413-RAPHAEL HENRIQUE DE LUCENA AGRA.zip was received. It was sent by RAPHAEL HENRIQUE DE LUCENA AGRA from IP 192.168.15.15 at 02-11-2020 03*48*34</message>
</record>
</log>
<?xml version="1.0" encoding="UTF-8" standalone="no"?>
<!DOCTYPE log SYSTEM "logger.dtd">
<log>
<record>
  <date>2020-11-02T05:01:39.778-0300</date>
  <logger>RAPHAEL HENRIQUE DE LUCENA AGRA</logger>
  <level>FINE</level>
  <message>File 119110413-RAPHAEL HENRIQUE DE LUCENA AGRA.zip was received. It was sent by RAPHAEL HENRIQUE DE LUCENA AGRA from IP 192.168.15.15 at 02-11-2020 05*01*39</message>
</record>
