<?xml version="1.0" encoding="UTF-8" standalone="no"?>
<!DOCTYPE log SYSTEM "logger.dtd">
<log>
<record>
  <date>2020-09-23T12:32:49.917-0300</date>
  <logger>RAPHAEL HENRIQUE DE LUCENA AGRA</logger>
  <level>FINE</level>
  <message>File 119110413-RAPHAEL HENRIQUE DE LUCENA AGRA.zip was received. It was sent by RAPHAEL HENRIQUE DE LUCENA AGRA from IP 192.168.15.15 at 23-09-2020 12*32*49</message>
</record>
</log>
<?xml version="1.0" encoding="UTF-8" standalone="no"?>
<!DOCTYPE log SYSTEM "logger.dtd">
<log>
<record>
  <date>2020-09-27T12:24:48.248-0300</date>
  <logger>RAPHAEL HENRIQUE DE LUCENA AGRA</logger>
  <level>FINE</level>
  <message>File 119110413-RAPHAEL HENRIQUE DE LUCENA AGRA.zip was received. It was sent by RAPHAEL HENRIQUE DE LUCENA AGRA from IP 192.168.15.15 at 27-09-2020 12*24*48</message>
</record>
</log>
<?xml version="1.0" encoding="UTF-8" standalone="no"?>
<!DOCTYPE log SYSTEM "logger.dtd">
<log>
<record>
  <date>2020-09-27T22:41:51.220-0300</date>
  <logger>RAPHAEL HENRIQUE DE LUCENA AGRA</logger>
  <level>FINE</level>
  <message>File 119110413-RAPHAEL HENRIQUE DE LUCENA AGRA.zip was received. It was sent by RAPHAEL HENRIQUE DE LUCENA AGRA from IP 192.168.15.15 at 27-09-2020 22*41*51</message>
</record>
